<!DOCTYPE html>
<html>
<head>
    <title>Unittest Results</title>
    <meta charset="utf-8">
    <meta name="viewport" content="width=device-width, initial-scale=1.0">
    <link rel="stylesheet" href="https://maxcdn.bootstrapcdn.com/bootstrap/3.3.6/css/bootstrap.min.css" integrity="sha384-1q8mTJOASx8j1Au+a5WDVnPi2lkFfwwEAa8hDDdjZlpLegxhjVME1fgjWPGmkzs7" crossorigin="anonymous">
</head>
<body>
    <div class="container">
        <div class="row">
            <div class="col-xs-12">
                <h2 class="text-capitalize">Unittest Results</h2>
                <p class='attribute'><strong>Start Time: </strong>2022-09-26 15:19:26</p>
                <p class='attribute'><strong>Duration: </strong>106.34 s</p>
                <p class='attribute'><strong>Summary: </strong>Total: 1, Pass: 0, Error: 1</p>
            </div>
        </div>
        <div class="row">
            <div class="col-xs-12 col-sm-10 col-md-10">
                <table class='table table-hover table-responsive'>
                    <thead>
                        <tr>
                            <th>__main__.TestCases</th>
                            <th>Status</th>
                            <th></th>
                        </tr>
                    </thead>
                    <tbody>
                        <tr class='warning'>
                            <td class="col-xs-10">test_0_Integration_Backup_Update_Restore</td>
                            <td class="col-xs-1">
                                <span class="label label-warning" style="display:block;width:40px;">Error</span>
                            </td>
                            <td class="col-xs-1">
                                <button class="btn btn-default btn-xs">View</button>
                            </td>
                        </tr>
                        <tr style="display:none;">
                            <td class="col-xs-9" colspan="3"><p>Setup Function - Start
********************************************************************************
[32mStarting ProView Application
Process CSTAppLauncher.exe is running 
[32mPic 6 Backup Test Started
********************************************************************************
 Executing PIC6 upload

********************************************************************************
Setup Function - START
********************************************************************************
Logging in with user:  udayabhaskar.challa@fs.utc.com
************ Login is successful ************
********************************************************************************
Setup Function - END
********************************************************************************
 License warning:  
User:  Udaya 
App details:  Title: Carrier ProView Release Yrs: 2021 Release  Version:   Version: 1.4.0.000
**** User Profile Test **********
2022-09-26 15:20 :  Profile Information
Role :  Super Admin
***** Select CCN ID  *****
2022-09-26 15:20:17 CCN Name
Protocol Type
Bus
Element
***** Launch Device Manager *****
***** Select CCN ID  *****
2022-09-26 15:20:17 CCN Name
Protocol Type
Bus
Element
2022-09-26 15:20:17 Launch DM failed.Exception occured. Message: no such element: Unable to locate element: {"method":"xpath","selector":"//*[@id="content"]/div/div[11]/div[1]/div/div/div[6]/div/div/table/tbody/tr[1]/td[1]"}
  (Session info: chrome=105.0.5195.127)
Stacktrace:
Backtrace:
	Ordinal0 [0x00AEDF13+2219795]
	Ordinal0 [0x00A82841+1779777]
	Ordinal0 [0x0099423D+803389]
	Ordinal0 [0x009C3025+995365]
	Ordinal0 [0x009C31EB+995819]
	Ordinal0 [0x009F0F52+1183570]
	Ordinal0 [0x009DE844+1108036]
	Ordinal0 [0x009EF192+1175954]
	Ordinal0 [0x009DE616+1107478]
	Ordinal0 [0x009B7F89+950153]
	Ordinal0 [0x009B8F56+954198]
	GetHandleVerifier [0x00DE2CB2+3040210]
	GetHandleVerifier [0x00DD2BB4+2974420]
	GetHandleVerifier [0x00B86A0A+565546]
	GetHandleVerifier [0x00B85680+560544]
	Ordinal0 [0x00A89A5C+1808988]
	Ordinal0 [0x00A8E3A8+1827752]
	Ordinal0 [0x00A8E495+1827989]
	Ordinal0 [0x00A980A4+1867940]
	BaseThreadInitThunk [0x76740419+25]
	RtlGetAppContainerNamedObjectPath [0x773674ED+237]
	RtlGetAppContainerNamedObjectPath [0x773674BD+189]

***** App launch mode *****
2022-09-26 15:21:00 Loading took too much time!
App launch mode failed: Message: element not interactable
  (Session info: chrome=105.0.5195.127)
Stacktrace:
Backtrace:
	Ordinal0 [0x00AEDF13+2219795]
	Ordinal0 [0x00A82841+1779777]
	Ordinal0 [0x00994100+803072]
	Ordinal0 [0x009C3FB6+999350]
	Ordinal0 [0x009B9B76+957302]
	Ordinal0 [0x009DE7FC+1107964]
	Ordinal0 [0x009B94B4+955572]
	Ordinal0 [0x009DEA14+1108500]
	Ordinal0 [0x009EF192+1175954]
	Ordinal0 [0x009DE616+1107478]
	Ordinal0 [0x009B7F89+950153]
	Ordinal0 [0x009B8F56+954198]
	GetHandleVerifier [0x00DE2CB2+3040210]
	GetHandleVerifier [0x00DD2BB4+2974420]
	GetHandleVerifier [0x00B86A0A+565546]
	GetHandleVerifier [0x00B85680+560544]
	Ordinal0 [0x00A89A5C+1808988]
	Ordinal0 [0x00A8E3A8+1827752]
	Ordinal0 [0x00A8E495+1827989]
	Ordinal0 [0x00A980A4+1867940]
	BaseThreadInitThunk [0x76740419+25]
	RtlGetAppContainerNamedObjectPath [0x773674ED+237]
	RtlGetAppContainerNamedObjectPath [0x773674BD+189]

No module named 'Lib_Space'
</p><p style="color:maroon;">UnboundLocalError: local variable 'dm_obj' referenced before assignment</p><p style="color:maroon;">Traceback (most recent call last):
  File "c:/E2E_HVAC_Testing/STAF\Tests\PROVIEW\test_pic6_backup.py", line 90, in test_data
    from Lib_space.WPF_Lib import DeviceManager
  File "c:/E2E_HVAC_Testing/STAF\Lib_space\WPF_Lib\DeviceManager.py", line 6, in <module>
    from Lib_Space.Selenium_Lib.Page_locators.HomePage_locatars import HomePageLocatars
ModuleNotFoundError: No module named 'Lib_Space'

During handling of the above exception, another exception occurred:

Traceback (most recent call last):
  File "c:/E2E_HVAC_Testing/STAF/Tests/INTEGRATION/Integration.py", line 75, in test_0_Integration_Backup_Update_Restore
    pic6_upload.pic6backup()
  File "c:/E2E_HVAC_Testing/STAF\Tests\PROVIEW\test_pic6_backup.py", line 163, in pic6backup
    self.test_data()
  File "c:/E2E_HVAC_Testing/STAF\Tests\PROVIEW\test_pic6_backup.py", line 104, in test_data
    dm_obj.close_app()
UnboundLocalError: local variable 'dm_obj' referenced before assignment
</p>
                            </td>
                        </tr>
                        <tr>
                            <td colspan="3">
                                Total: 1, Pass: 0, Error: 1 -- Duration: 106.34 s
                            </td>
                        </tr>
                    </tbody>
                </table>
            </div>
        </div>
    </div>
    <script src="https://ajax.googleapis.com/ajax/libs/jquery/2.2.4/jquery.min.js"></script>
    <script type="text/javascript">
        $(document).ready(function(){
            $('td').on('click', '.btn', function(e){
                e.preventDefault();
                e.stopImmediatePropagation();
                var $this = $(this);
                var $nextRow = $this.closest('tr').next('tr');
                $nextRow.slideToggle("fast");
                $this.text(function(i, text){
                    if (text === 'View') {
                        return 'Hide';
                    } else {
                        return 'View';
                    };
                });
            });
        });
    </script>
</body>
</html